<?xml version="1.0" encoding="UTF-8"?>
<!-- Generated by org.testng.reporters.JUnitXMLReporter -->
<testsuite ignored="0" hostname="Khosruz" failures="0" tests="5" name="Home Page" time="3.086" errors="0" timestamp="2024-01-10T20:12:10 EST">
  <testcase classname="com.Tests.HomePageTest" name="pageTitleTest" time="0.0">
    <skipped/>
  </testcase> <!-- pageTitleTest -->
  <testcase classname="com.Tests.HomePageTest" name="homePageText" time="0.0">
    <skipped/>
  </testcase> <!-- homePageText -->
  <testcase classname="com.Tests.HomePageTest" name="orderButtonTest" time="0.0">
    <skipped/>
  </testcase> <!-- orderButtonTest -->
  <testcase classname="com.Tests.HomePageTest" name="loginButtonTest" time="0.0">
    <skipped/>
  </testcase> <!-- loginButtonTest -->
  <testcase classname="com.Tests.HomePageTest" name="homeButtonTest" time="0.0">
    <skipped/>
  </testcase> <!-- homeButtonTest -->
</testsuite> <!-- Home Page -->
