<?xml version="1.0" encoding="UTF-8"?>
<!-- Generated by org.testng.reporters.JUnitXMLReporter -->
<testsuite ignored="0" hostname="Khosruz" failures="0" tests="5" name="Home Page" time="8.705" errors="0" timestamp="2023-10-05T10:53:03 EDT">
  <testcase classname="com.Tests.HomePageTest" name="pageTitleTest" time="0.028"/>
  <testcase classname="com.Tests.HomePageTest" name="homePageText" time="0.116"/>
  <testcase classname="com.Tests.HomePageTest" name="orderButtonTest" time="0.3"/>
  <testcase classname="com.Tests.HomePageTest" name="loginButtonTest" time="0.295"/>
  <testcase classname="com.Tests.HomePageTest" name="homeButtonTest" time="0.098"/>
</testsuite> <!-- Home Page -->
