<?xml version="1.0" encoding="UTF-8"?>
<!-- Generated by org.testng.reporters.JUnitXMLReporter -->
<testsuite ignored="2" hostname="Khosruz" failures="0" tests="1" name="Login Page" time="8.094" errors="0" timestamp="2023-10-05T16:43:34 EDT">
  <testcase classname="com.Tests.LoginPageTest" name="loginTest" time="1.266"/>
  <testcase classname="com.Tests.LoginPageTest" name="displayNameTest" time="0.0">
    <ignored/>
  </testcase> <!-- displayNameTest -->
  <testcase classname="com.Tests.LoginPageTest" name="pageTitleTest" time="0.0">
    <ignored/>
  </testcase> <!-- pageTitleTest -->
</testsuite> <!-- Login Page -->
