<?xml version="1.0" encoding="UTF-8"?>
<!-- Generated by org.testng.reporters.JUnitXMLReporter -->
<testsuite ignored="1" hostname="Khosruz" failures="0" tests="3" name="Order Page" time="24.134" errors="0" timestamp="2023-10-05T16:43:59 EDT">
  <testcase classname="com.Tests.DeshBoardHomeTest" name="salseDataTest" time="4.003"/>
  <testcase classname="com.Tests.DeshBoardHomeTest" name="salseDataTest" time="4.353"/>
  <testcase classname="com.Tests.DeshBoardHomeTest" name="salseDataTest" time="4.276"/>
  <testcase classname="com.Tests.DeshBoardHomeTest" name="pageTitleTest" time="0.0">
    <ignored/>
  </testcase> <!-- pageTitleTest -->
</testsuite> <!-- Order Page -->
