<?xml version="1.0" encoding="UTF-8"?>
<!-- Generated by org.testng.reporters.JUnitXMLReporter -->
<testsuite ignored="0" hostname="Khosruz" failures="0" tests="5" name="Test" time="13.429" errors="0" timestamp="2023-10-05T10:36:41 EDT">
  <testcase classname="com.Tests.HomePageTest" name="pageTitleTest" time="0.128"/>
  <testcase classname="com.Tests.HomePageTest" name="homePageText" time="0.183"/>
  <testcase classname="com.Tests.HomePageTest" name="orderButtonTest" time="0.496"/>
  <testcase classname="com.Tests.HomePageTest" name="loginButtonTest" time="0.279"/>
  <testcase classname="com.Tests.HomePageTest" name="homeButtonTest" time="0.199"/>
</testsuite> <!-- Test -->
